15 0
received: The Conventions
15 0
received:  of a number of
15 0
received:  the States hav
15 0
received: ing, at the tim
15 0
received: e of adopting t
15 0
received: he Constitution
15 0
received: , expressed a d
15 0
received: esire, in order
15 0
received:  to prevent mis
15 0
received: construction or
15 0
received:  abuse of its p
15 0
received: owers, that fur
15 0
received: ther declarator
15 0
received: y and restricti
15 0
received: ve clauses shou
15 0
received: ld be added, an
15 0
received: d as extending 
15 0
received: the ground of p
15 0
received: ublic confidenc
15 0
received: e in the Govern
15 0
received: ment will best 
15 0
received: insure the bene
15 0
received: ficent ends of 
15 0
received: its institution
The Conventions of a number of the States having, at the time of adopting the Constitution, expressed a desire, in order to prevent misconstruction or abuse of its powers, that further declaratory and restrictive clauses should be added, and as extending the ground of public confidence in the Government will best insure the beneficent ends of its institution
15 0
15 0
15 0
15 0
15 0
15 0
15 0
15 0
15 0
15 0
15 0
15 0
15 0
15 0
15 0
15 0
15 0
15 0
15 0
15 0
15 0
15 0
15 0
15 1
